0 info it worked if it ends with ok
1 verbose cli [ '/Users/PeterHunt/.nvm/versions/node/v8.4.0/bin/node',
1 verbose cli   '/Users/PeterHunt/.nvm/versions/node/v8.4.0/bin/npm',
1 verbose cli   'start' ]
2 info using npm@4.0.0
3 info using node@v8.4.0
4 verbose run-script [ 'prestart', 'start', 'poststart' ]
5 info lifecycle following@1.0.0~prestart: following@1.0.0
6 silly lifecycle following@1.0.0~prestart: no script for prestart, continuing
7 info lifecycle following@1.0.0~start: following@1.0.0
8 verbose lifecycle following@1.0.0~start: unsafe-perm in lifecycle true
9 verbose lifecycle following@1.0.0~start: PATH: /Users/PeterHunt/.nvm/versions/node/v8.4.0/lib/node_modules/npm/bin/node-gyp-bin:/Users/PeterHunt/lighthouse/final_project/webpack-frontend/node_modules/.bin:/Users/PeterHunt/.nvm/versions/node/v8.4.0/bin:/Users/PeterHunt/.rbenv/shims:/Users/PeterHunt/anaconda/bin:/Library/Frameworks/Python.framework/Versions/2.7/bin:/usr/local/bin:/usr/bin:/bin:/usr/sbin:/sbin:/usr/local/git/bin:/Users/PeterHunt/.rvm/bin:/Applications/Android Studio.app/sdk/tools:/Applications/Android Studio.app/sdk/platform-tools:/Users/PeterHunt/Library/Android/sdk/tools:ANDROID_HOME/platform-tools:/Users/PeterHunt/.rvm/bin
10 verbose lifecycle following@1.0.0~start: CWD: /Users/PeterHunt/lighthouse/final_project/webpack-frontend
11 silly lifecycle following@1.0.0~start: Args: [ '-c', 'webpack-dev-server' ]
12 silly lifecycle following@1.0.0~start: Returned: code: 1  signal: null
13 info lifecycle following@1.0.0~start: Failed to exec start script
14 verbose stack Error: following@1.0.0 start: `webpack-dev-server`
14 verbose stack Exit status 1
14 verbose stack     at EventEmitter.<anonymous> (/Users/PeterHunt/.nvm/versions/node/v8.4.0/lib/node_modules/npm/lib/utils/lifecycle.js:277:16)
14 verbose stack     at emitTwo (events.js:125:13)
14 verbose stack     at EventEmitter.emit (events.js:213:7)
14 verbose stack     at ChildProcess.<anonymous> (/Users/PeterHunt/.nvm/versions/node/v8.4.0/lib/node_modules/npm/lib/utils/spawn.js:40:14)
14 verbose stack     at emitTwo (events.js:125:13)
14 verbose stack     at ChildProcess.emit (events.js:213:7)
14 verbose stack     at maybeClose (internal/child_process.js:927:16)
14 verbose stack     at Process.ChildProcess._handle.onexit (internal/child_process.js:211:5)
15 verbose pkgid following@1.0.0
16 verbose cwd /Users/PeterHunt/lighthouse/final_project/webpack-frontend
17 error Darwin 16.6.0
18 error argv "/Users/PeterHunt/.nvm/versions/node/v8.4.0/bin/node" "/Users/PeterHunt/.nvm/versions/node/v8.4.0/bin/npm" "start"
19 error node v8.4.0
20 error npm  v4.0.0
21 error code ELIFECYCLE
22 error following@1.0.0 start: `webpack-dev-server`
22 error Exit status 1
23 error Failed at the following@1.0.0 start script 'webpack-dev-server'.
23 error Make sure you have the latest version of node.js and npm installed.
23 error If you do, this is most likely a problem with the following package,
23 error not with npm itself.
23 error Tell the author that this fails on your system:
23 error     webpack-dev-server
23 error You can get information on how to open an issue for this project with:
23 error     npm bugs following
23 error Or if that isn't available, you can get their info via:
23 error     npm owner ls following
23 error There is likely additional logging output above.
24 verbose exit [ 1, true ]
